Using pre-set license
Built from '2021.3/staging' branch; Version is '2021.3.9f1 (ad3870b89536) revision 11352176'; Using compiler version '192829333'; Build Type 'Release'
OS: 'Windows 11  (10.0.22621) 64bit Core' Language: 'en' Physical Memory: 32452 MB
BatchMode: 1, IsHumanControllingUs: 0, StartBugReporterOnCrash: 0, Is64bit: 1, IsPro: 1

COMMAND LINE ARGUMENTS:
C:\Program Files\Unity\Hub\Editor\2021.3.9f1\Editor\Unity.exe
-adb2
-batchMode
-noUpm
-name
AssetImportWorker0
-projectPath
C:/Users/pinkt/Documents/GitHub/Clinic1/Mushroom Madness
-logFile
Logs/AssetImportWorker0.log
-srvPort
60574
Successfully changed project path to: C:/Users/pinkt/Documents/GitHub/Clinic1/Mushroom Madness
C:/Users/pinkt/Documents/GitHub/Clinic1/Mushroom Madness
[UnityMemory] Configuration Parameters - Can be set up in boot.config
    "memorysetup-bucket-allocator-granularity=16"
    "memorysetup-bucket-allocator-bucket-count=8"
    "memorysetup-bucket-allocator-block-size=33554432"
    "memorysetup-bucket-allocator-block-count=8"
    "memorysetup-main-allocator-block-size=16777216"
    "memorysetup-thread-allocator-block-size=16777216"
    "memorysetup-gfx-main-allocator-block-size=16777216"
    "memorysetup-gfx-thread-allocator-block-size=16777216"
    "memorysetup-cache-allocator-block-size=4194304"
    "memorysetup-typetree-allocator-block-size=2097152"
    "memorysetup-profiler-bucket-allocator-granularity=16"
    "memorysetup-profiler-bucket-allocator-bucket-count=8"
    "memorysetup-profiler-bucket-allocator-block-size=33554432"
    "memorysetup-profiler-bucket-allocator-block-count=8"
    "memorysetup-profiler-allocator-block-size=16777216"
    "memorysetup-profiler-editor-allocator-block-size=1048576"
    "memorysetup-temp-allocator-size-main=16777216"
    "memorysetup-job-temp-allocator-block-size=2097152"
    "memorysetup-job-temp-allocator-block-size-background=1048576"
    "memorysetup-job-temp-allocator-reduction-small-platforms=262144"
    "memorysetup-temp-allocator-size-background-worker=32768"
    "memorysetup-temp-allocator-size-job-worker=262144"
    "memorysetup-temp-allocator-size-preload-manager=33554432"
    "memorysetup-temp-allocator-size-nav-mesh-worker=65536"
    "memorysetup-temp-allocator-size-audio-worker=65536"
    "memorysetup-temp-allocator-size-cloud-worker=32768"
    "memorysetup-temp-allocator-size-gi-baking-worker=262144"
    "memorysetup-temp-allocator-size-gfx=262144"
Refreshing native plugins compatible for Editor in 81.35 ms, found 3 plugins.
Preloading 0 native plugins for Editor in 0.00 ms.
Initialize engine version: 2021.3.9f1 (ad3870b89536)
[Subsystems] Discovering subsystems at path C:/Program Files/Unity/Hub/Editor/2021.3.9f1/Editor/Data/Resources/UnitySubsystems
[Subsystems] Discovering subsystems at path C:/Users/pinkt/Documents/GitHub/Clinic1/Mushroom Madness/Assets
GfxDevice: creating device client; threaded=0; jobified=0
Direct3D:
    Version:  Direct3D 11.0 [level 11.1]
    Renderer: NVIDIA GeForce RTX 3070 Ti Laptop GPU (ID=0x24e0)
    Vendor:   NVIDIA
    VRAM:     8043 MB
    Driver:   30.0.15.1272
Initialize mono
Mono path[0] = 'C:/Program Files/Unity/Hub/Editor/2021.3.9f1/Editor/Data/Managed'
Mono path[1] = 'C:/Program Files/Unity/Hub/Editor/2021.3.9f1/Editor/Data/MonoBleedingEdge/lib/mono/unityjit-win32'
Mono config path = 'C:/Program Files/Unity/Hub/Editor/2021.3.9f1/Editor/Data/MonoBleedingEdge/etc'
Using monoOptions --debugger-agent=transport=dt_socket,embedding=1,server=y,suspend=n,address=127.0.0.1:56612
Begin MonoManager ReloadAssembly
Registering precompiled unity dll's ...
Register platform support module: C:/Program Files/Unity/Hub/Editor/2021.3.9f1/Editor/Data/PlaybackEngines/WebGLSupport/UnityEditor.WebGL.Extensions.dll
Register platform support module: C:/Program Files/Unity/Hub/Editor/2021.3.9f1/Editor/Data/PlaybackEngines/AndroidPlayer/UnityEditor.Android.Extensions.dll
Register platform support module: C:/Program Files/Unity/Hub/Editor/2021.3.9f1/Editor/Data/PlaybackEngines/WindowsStandaloneSupport/UnityEditor.WindowsStandalone.Extensions.dll
Registered in 0.008098 seconds.
Native extension for WindowsStandalone target not found
Native extension for Android target not found
Native extension for WebGL target not found
Refreshing native plugins compatible for Editor in 62.41 ms, found 3 plugins.
Preloading 0 native plugins for Editor in 0.00 ms.
Mono: successfully reloaded assembly
- Completed reload, in  0.962 seconds
Domain Reload Profiling:
	ReloadAssembly (962ms)
		BeginReloadAssembly (73ms)
			ExecutionOrderSort (0ms)
			DisableScriptedObjects (0ms)
			BackupInstance (0ms)
			ReleaseScriptingObjects (0ms)
			CreateAndSetChildDomain (1ms)
		EndReloadAssembly (774ms)
			LoadAssemblies (71ms)
			RebuildTransferFunctionScriptingTraits (0ms)
			SetupTypeCache (357ms)
			ReleaseScriptCaches (0ms)
			RebuildScriptCaches (21ms)
			SetupLoadedEditorAssemblies (311ms)
				LogAssemblyErrors (0ms)
				InitializePlatformSupportModulesInManaged (74ms)
				SetLoadedEditorAssemblies (0ms)
				RefreshPlugins (62ms)
				BeforeProcessingInitializeOnLoad (1ms)
				ProcessInitializeOnLoadAttributes (128ms)
				ProcessInitializeOnLoadMethodAttributes (45ms)
				AfterProcessingInitializeOnLoad (0ms)
				EditorAssembliesLoaded (0ms)
			ExecutionOrderSort2 (0ms)
			AwakeInstancesAfterBackupRestoration (0ms)
Platform modules already initialized, skipping
Registering precompiled user dll's ...
Registered in 0.009058 seconds.
Begin MonoManager ReloadAssembly
Symbol file LoadedFromMemory doesn't match image C:\Users\pinkt\Documents\GitHub\Clinic1\Mushroom Madness\Library\PackageCache\com.unity.visualscripting@1.7.8\Editor\VisualScripting.Core\Dependencies\YamlDotNet\Unity.VisualScripting.YamlDotNet.dll
Symbol file LoadedFromMemory doesn't match image C:\Users\pinkt\Documents\GitHub\Clinic1\Mushroom Madness\Library\PackageCache\com.unity.visualscripting@1.7.8\Editor\VisualScripting.Core\Dependencies\DotNetZip\Unity.VisualScripting.IonicZip.dll
Native extension for WindowsStandalone target not found
Native extension for Android target not found
Native extension for WebGL target not found
Refreshing native plugins compatible for Editor in 0.50 ms, found 3 plugins.
Preloading 0 native plugins for Editor in 0.00 ms.
Mono: successfully reloaded assembly
- Completed reload, in  1.016 seconds
Domain Reload Profiling:
	ReloadAssembly (1017ms)
		BeginReloadAssembly (231ms)
			ExecutionOrderSort (0ms)
			DisableScriptedObjects (6ms)
			BackupInstance (0ms)
			ReleaseScriptingObjects (0ms)
			CreateAndSetChildDomain (123ms)
		EndReloadAssembly (679ms)
			LoadAssemblies (85ms)
			RebuildTransferFunctionScriptingTraits (0ms)
			SetupTypeCache (215ms)
			ReleaseScriptCaches (0ms)
			RebuildScriptCaches (39ms)
			SetupLoadedEditorAssemblies (317ms)
				LogAssemblyErrors (0ms)
				InitializePlatformSupportModulesInManaged (15ms)
				SetLoadedEditorAssemblies (0ms)
				RefreshPlugins (1ms)
				BeforeProcessingInitializeOnLoad (71ms)
				ProcessInitializeOnLoadAttributes (198ms)
				ProcessInitializeOnLoadMethodAttributes (25ms)
				AfterProcessingInitializeOnLoad (7ms)
				EditorAssembliesLoaded (0ms)
			ExecutionOrderSort2 (0ms)
			AwakeInstancesAfterBackupRestoration (5ms)
Platform modules already initialized, skipping
========================================================================
Worker process is ready to serve import requests
Launched and connected shader compiler UnityShaderCompiler.exe after 0.05 seconds
Refreshing native plugins compatible for Editor in 0.75 ms, found 3 plugins.
Preloading 0 native plugins for Editor in 0.00 ms.
Unloading 3385 Unused Serialized files (Serialized files now loaded: 0)
Unloading 27 unused Assets / (111.5 KB). Loaded Objects now: 3845.
Memory consumption went from 116.5 MB to 116.4 MB.
Total: 3.036900 ms (FindLiveObjects: 0.186900 ms CreateObjectMapping: 0.086700 ms MarkObjects: 2.647100 ms  DeleteObjects: 0.114900 ms)

AssetImportParameters requested are different than current active one (requested -> active):
  custom:video-decoder-ogg-theora: a1e56fd34408186e4bbccfd4996cb3dc -> 
  custom:container-muxer-webm: aa71ff27fc2769a1b78a27578f13a17b -> 
  custom:container-demuxer-webm: 4f35f7cbe854078d1ac9338744f61a02 -> 
  custom:video-encoder-webm-vp8: eb34c28f22e8b96e1ab97ce403110664 -> 
  custom:video-codec-MediaFoundation-h265: 746d11721c4dcdbdad8f713fa42b33f4 -> 
  custom:audio-encoder-webm-vorbis: bf7c407c2cedff20999df2af8eb42d56 -> 
  custom:framework-win-MediaFoundation: 216162199b28c13a410421893ffa2e32 -> 
  custom:container-demuxer-ogg: 62fdf1f143b41e24485cea50d1cbac27 -> 
  custom:video-decoder-webm-vp8: 9c59270c3fd7afecdb556c50c9e8de78 -> 
  custom:audio-decoder-ogg-vorbis: bf7c407c2cedff20999df2af8eb42d56 -> 
========================================================================
Received Import Request.
  Time since last request: 254524.940313 seconds.
  path: Assets/Ground1.mat
  artifactKey: Guid(253c396543fec594cb9047665928c0c4) Importer(815301076,1909f56bfc062723c751e8b465ee728b)
Start importing Assets/Ground1.mat using Guid(253c396543fec594cb9047665928c0c4) Importer(815301076,1909f56bfc062723c751e8b465ee728b)  -> (artifact id: '4f96a77ff0bee119bb813bcd36b99c70') in 0.153619 seconds 
========================================================================
Received Import Request.
  Time since last request: 8.914441 seconds.
  path: Assets/Objects
  artifactKey: Guid(aa0528545d90f2a4788ffe37d062319d) Importer(815301076,1909f56bfc062723c751e8b465ee728b)
Start importing Assets/Objects using Guid(aa0528545d90f2a4788ffe37d062319d) Importer(815301076,1909f56bfc062723c751e8b465ee728b)  -> (artifact id: 'c2f1fd3e6d01484226bdfd4d3bec6a16') in 0.002593 seconds 
========================================================================
Received Import Request.
  Time since last request: 0.085750 seconds.
  path: Assets/Objects/Hut.obj
  artifactKey: Guid(d10394443be84bb459c35f5108358673) Importer(815301076,1909f56bfc062723c751e8b465ee728b)
Start importing Assets/Objects/Hut.obj using Guid(d10394443be84bb459c35f5108358673) Importer(815301076,1909f56bfc062723c751e8b465ee728b)  -> (artifact id: 'e3f04e7c81b47de22d922944900d7bcc') in 0.068214 seconds 
========================================================================
Received Import Request.
  Time since last request: 15.826511 seconds.
  path: Assets/Scenes
  artifactKey: Guid(6ea315d0fd7389c41b19996891e99ae3) Importer(815301076,1909f56bfc062723c751e8b465ee728b)
Start importing Assets/Scenes using Guid(6ea315d0fd7389c41b19996891e99ae3) Importer(815301076,1909f56bfc062723c751e8b465ee728b)  -> (artifact id: 'bc172811d573b296104adb4d2728db37') in 0.002788 seconds 
========================================================================
Received Import Request.
  Time since last request: 1.313534 seconds.
  path: Assets/Scenes/SampleScene.unity
  artifactKey: Guid(9fc0d4010bbf28b4594072e72b8655ab) Importer(815301076,1909f56bfc062723c751e8b465ee728b)
Start importing Assets/Scenes/SampleScene.unity using Guid(9fc0d4010bbf28b4594072e72b8655ab) Importer(815301076,1909f56bfc062723c751e8b465ee728b)  -> (artifact id: 'e4f14eff58918525a0300db469dc2878') in 0.003550 seconds 
========================================================================
Received Import Request.
  Time since last request: 97.364775 seconds.
  path: Assets/Objects/Lamp
  artifactKey: Guid(1e92d3d8d10a7ec48887f4000fb6ee84) Importer(815301076,1909f56bfc062723c751e8b465ee728b)
Start importing Assets/Objects/Lamp using Guid(1e92d3d8d10a7ec48887f4000fb6ee84) Importer(815301076,1909f56bfc062723c751e8b465ee728b)  -> (artifact id: '17f89f53950c41c40b6cd8e257b9688a') in 0.004461 seconds 
========================================================================
Received Import Request.
  Time since last request: 0.057072 seconds.
  path: Assets/Objects/Lamp/Lamp_Post.obj
  artifactKey: Guid(ad422eeb2cbce07448b3a97241b4103e) Importer(815301076,1909f56bfc062723c751e8b465ee728b)
Start importing Assets/Objects/Lamp/Lamp_Post.obj using Guid(ad422eeb2cbce07448b3a97241b4103e) Importer(815301076,1909f56bfc062723c751e8b465ee728b)  -> (artifact id: 'cb9952c834f0249b655ed8152dcb5a65') in 0.033468 seconds 
========================================================================
Received Import Request.
  Time since last request: 10.071395 seconds.
  path: Assets/Objects/Fence_1
  artifactKey: Guid(888a8595987190f419d77c33e226a3e3) Importer(815301076,1909f56bfc062723c751e8b465ee728b)
Start importing Assets/Objects/Fence_1 using Guid(888a8595987190f419d77c33e226a3e3) Importer(815301076,1909f56bfc062723c751e8b465ee728b)  -> (artifact id: '7ddfa59018a10a195cd407a38ffe9051') in 0.002430 seconds 
========================================================================
Received Import Request.
  Time since last request: 1.762153 seconds.
  path: Assets/Objects/Fence_1/Export Post
  artifactKey: Guid(b14ff572c8bcc7a4dbd804873e1447be) Importer(815301076,1909f56bfc062723c751e8b465ee728b)
Start importing Assets/Objects/Fence_1/Export Post using Guid(b14ff572c8bcc7a4dbd804873e1447be) Importer(815301076,1909f56bfc062723c751e8b465ee728b)  -> (artifact id: 'c09269d0961b5c5c637730af2547d4c6') in 0.002434 seconds 
========================================================================
Received Import Request.
  Time since last request: 0.057968 seconds.
  path: Assets/Objects/Fence_1/Export Post/Fence_1_Post.obj
  artifactKey: Guid(b790456443c99894eae764456a263bb3) Importer(815301076,1909f56bfc062723c751e8b465ee728b)
Start importing Assets/Objects/Fence_1/Export Post/Fence_1_Post.obj using Guid(b790456443c99894eae764456a263bb3) Importer(815301076,1909f56bfc062723c751e8b465ee728b)  -> (artifact id: 'f8e02934cbefaf311ba21cc7bdcef3f9') in 0.028569 seconds 
========================================================================
Received Import Request.
  Time since last request: 3.046952 seconds.
  path: Assets/Objects/Fence_1/Export_Center
  artifactKey: Guid(961dba02626451949af9b99ed3bc7659) Importer(815301076,1909f56bfc062723c751e8b465ee728b)
Start importing Assets/Objects/Fence_1/Export_Center using Guid(961dba02626451949af9b99ed3bc7659) Importer(815301076,1909f56bfc062723c751e8b465ee728b)  -> (artifact id: '49d03beb3a43ef3517434de2be68bbbb') in 0.002726 seconds 
========================================================================
Received Import Request.
  Time since last request: 1.443086 seconds.
  path: Assets/Objects/Fence_1/Export_left
  artifactKey: Guid(ec35d38c339d54644af116d919daff83) Importer(815301076,1909f56bfc062723c751e8b465ee728b)
Start importing Assets/Objects/Fence_1/Export_left using Guid(ec35d38c339d54644af116d919daff83) Importer(815301076,1909f56bfc062723c751e8b465ee728b)  -> (artifact id: '4f28071df2c0d4016269205882dff9b4') in 0.002390 seconds 
========================================================================
Received Import Request.
  Time since last request: 0.053653 seconds.
  path: Assets/Objects/Fence_1/Export_left/Fence_1_Left.obj
  artifactKey: Guid(3f4b41cbfb6335b4989ba21695180537) Importer(815301076,1909f56bfc062723c751e8b465ee728b)
Start importing Assets/Objects/Fence_1/Export_left/Fence_1_Left.obj using Guid(3f4b41cbfb6335b4989ba21695180537) Importer(815301076,1909f56bfc062723c751e8b465ee728b)  -> (artifact id: '3407a2cecfa4cde91e282f86e8d23b6b') in 0.033307 seconds 
========================================================================
Received Import Request.
  Time since last request: 14.810317 seconds.
  path: Assets/Objects/Fence_1/Export_Center/Fence_1_Center.obj
  artifactKey: Guid(ab5e1c358a2461a44ae6a93777425314) Importer(815301076,1909f56bfc062723c751e8b465ee728b)
Start importing Assets/Objects/Fence_1/Export_Center/Fence_1_Center.obj using Guid(ab5e1c358a2461a44ae6a93777425314) Importer(815301076,1909f56bfc062723c751e8b465ee728b)  -> (artifact id: 'd88a0b5054590fbe93dc1dd3997230df') in 0.048005 seconds 
========================================================================
Received Import Request.
  Time since last request: 39.713986 seconds.
  path: Assets/Objects/Mushroom
  artifactKey: Guid(8f4bfb3a8b3297e4eaa8d993d767bc9f) Importer(815301076,1909f56bfc062723c751e8b465ee728b)
Start importing Assets/Objects/Mushroom using Guid(8f4bfb3a8b3297e4eaa8d993d767bc9f) Importer(815301076,1909f56bfc062723c751e8b465ee728b)  -> (artifact id: 'eaf0cd74344423e3bcc9efa8299305ab') in 0.002954 seconds 
========================================================================
Received Import Request.
  Time since last request: 0.054953 seconds.
  path: Assets/Objects/Mushroom/mushroom_ver1_group.obj
  artifactKey: Guid(4e9c3829acf9c1547ba134a750279af9) Importer(815301076,1909f56bfc062723c751e8b465ee728b)
Start importing Assets/Objects/Mushroom/mushroom_ver1_group.obj using Guid(4e9c3829acf9c1547ba134a750279af9) Importer(815301076,1909f56bfc062723c751e8b465ee728b)  -> (artifact id: '39b1355ec51e266146510104c2aa8d5b') in 0.036174 seconds 
========================================================================
Received Import Request.
  Time since last request: 0.000029 seconds.
  path: Assets/Objects/Mushroom/mushroom_ver2_short.obj
  artifactKey: Guid(e983f783bdc3cba49abbf49ddf670221) Importer(815301076,1909f56bfc062723c751e8b465ee728b)
Start importing Assets/Objects/Mushroom/mushroom_ver2_short.obj using Guid(e983f783bdc3cba49abbf49ddf670221) Importer(815301076,1909f56bfc062723c751e8b465ee728b)  -> (artifact id: '1675d98dc0423a62f02ba1756af862a7') in 0.030101 seconds 
========================================================================
Received Import Request.
  Time since last request: 0.000025 seconds.
  path: Assets/Objects/Mushroom/mushroom_ver3.obj
  artifactKey: Guid(4750118d28e61e64ca2bbc5ab285f54e) Importer(815301076,1909f56bfc062723c751e8b465ee728b)
Start importing Assets/Objects/Mushroom/mushroom_ver3.obj using Guid(4750118d28e61e64ca2bbc5ab285f54e) Importer(815301076,1909f56bfc062723c751e8b465ee728b)  -> (artifact id: '29e2968447ea9a1ba12d9e83f5c75720') in 0.029828 seconds 
========================================================================
Received Import Request.
  Time since last request: 0.000037 seconds.
  path: Assets/Objects/Mushroom/mushroom_ver2_tall.obj
  artifactKey: Guid(bc604651c25d6a3419a3baf2a32aad83) Importer(815301076,1909f56bfc062723c751e8b465ee728b)
Start importing Assets/Objects/Mushroom/mushroom_ver2_tall.obj using Guid(bc604651c25d6a3419a3baf2a32aad83) Importer(815301076,1909f56bfc062723c751e8b465ee728b)  -> (artifact id: 'f32ccfa478fb7c5e4b38d4caeabffa72') in 0.029285 seconds 
========================================================================
Received Import Request.
  Time since last request: 0.000030 seconds.
  path: Assets/Objects/Mushroom/mushroom_ver1_short.obj
  artifactKey: Guid(d065f1f4818fd1b418e38cbdcab9e28b) Importer(815301076,1909f56bfc062723c751e8b465ee728b)
Start importing Assets/Objects/Mushroom/mushroom_ver1_short.obj using Guid(d065f1f4818fd1b418e38cbdcab9e28b) Importer(815301076,1909f56bfc062723c751e8b465ee728b)  -> (artifact id: '3027c357bad2e79916b567aad51864da') in 0.028861 seconds 
========================================================================
Received Import Request.
  Time since last request: 0.000028 seconds.
  path: Assets/Objects/Mushroom/mushroom_ver2_group.obj
  artifactKey: Guid(87056e3049cea8e49833193efe2b4594) Importer(815301076,1909f56bfc062723c751e8b465ee728b)
Start importing Assets/Objects/Mushroom/mushroom_ver2_group.obj using Guid(87056e3049cea8e49833193efe2b4594) Importer(815301076,1909f56bfc062723c751e8b465ee728b)  -> (artifact id: '902bac10a15aa77dd1ef7e9739256059') in 0.027719 seconds 
========================================================================
Received Import Request.
  Time since last request: 0.000022 seconds.
  path: Assets/Objects/Mushroom/mushroom_ver1_tall.obj
  artifactKey: Guid(b59fdfb67b932c44eb842f4032c5253d) Importer(815301076,1909f56bfc062723c751e8b465ee728b)
Start importing Assets/Objects/Mushroom/mushroom_ver1_tall.obj using Guid(b59fdfb67b932c44eb842f4032c5253d) Importer(815301076,1909f56bfc062723c751e8b465ee728b)  -> (artifact id: '37a22245a5a973ef0e88faa5911944ff') in 0.025718 seconds 
Editor requested this worker to shutdown with reason: Scaling down because of idle timeout
AssetImportWorker is now disconnected from the server
Process exiting
Exiting without the bug reporter. Application will terminate with return code 0